<?xml version="1.0" encoding="UTF-8"?>
<!-- Generated by org.testng.reporters.JUnitReportReporter -->
<testsuite hostname="MSI" failures="0" tests="2" name="com.qa.Day12.TestNGDemo1" time="0.002" errors="0" timestamp="2022-12-11T22:09:07 IST" skipped="0">
  <testcase classname="com.qa.Day12.TestNGDemo1" name="display" time="0.001"/>
  <system-out/>
  <testcase classname="com.qa.Day12.TestNGDemo1" name="display1" time="0.001"/>
  <system-out/>
</testsuite> <!-- com.qa.Day12.TestNGDemo1 -->
